        -:    0:Source:main.cpp
        -:    0:Graph:main.gcno
        -:    0:Data:main.gcda
        -:    0:Runs:0
        -:    0:Programs:0
        -:    1:#include <iostream>
        -:    2:
        -:    3:using namespace std;
        -:    4:
    #####:    5:int main(){
    #####:    6:	int i, n, x, y, z=2;
        -:    7:	
    #####:    8:	cin>>n;
        -:    9:	
    #####:   10:	i=1;
    #####:   11:	while(i < n){
    #####:   12:		y = 2*i;
    #####:   13:		x = y*z;
    #####:   14:		cout << i << endl;
        -:   15:		
    #####:   16:		i=i*2;
        -:   17:	}
        -:   18:
    #####:   19:	return 0;
    #####:   20:}/*EOF*/
